[debug] [2024-01-05T17:57:29.908Z] ----------------------------------------------------------------------
[debug] [2024-01-05T17:57:29.914Z] Command:       C:\Program Files\nodejs\node.exe C:\Users\Michelle López\AppData\Roaming\npm\node_modules\firebase-tools\lib\bin\firebase.js init
[debug] [2024-01-05T17:57:29.915Z] CLI Version:   13.0.2
[debug] [2024-01-05T17:57:29.916Z] Platform:      win32
[debug] [2024-01-05T17:57:29.916Z] Node Version:  v20.10.0
[debug] [2024-01-05T17:57:29.916Z] Time:          Fri Jan 05 2024 12:57:29 GMT-0500 (hora de Ecuador)
[debug] [2024-01-05T17:57:29.917Z] ----------------------------------------------------------------------
[debug] 
[debug] [2024-01-05T17:57:29.932Z] > command requires scopes: ["email","openid","https://www.googleapis.com/auth/cloudplatformprojects.readonly","https://www.googleapis.com/auth/firebase","https://www.googleapis.com/auth/cloud-platform"]
[debug] [2024-01-05T17:57:29.933Z] > authorizing via signed-in user (natalymlc18@gmail.com)
[info] 
     ######## #### ########  ######## ########     ###     ######  ########
     ##        ##  ##     ## ##       ##     ##  ##   ##  ##       ##
     ######    ##  ########  ######   ########  #########  ######  ######
     ##        ##  ##    ##  ##       ##     ## ##     ##       ## ##
     ##       #### ##     ## ######## ########  ##     ##  ######  ########

You're about to initialize a Firebase project in this directory:

  C:\Naty\Clases\Computación Cloud y Frid\Proyectos\proyecto_aname_front-prueba

Before we get started, keep in mind:

  * You are currently outside your home directory

